app/build/intermediates/manifest_merge_blame_file/debug/manifest-merger-blame-debug-report.txt
1<?xml version="1.0" encoding="utf-8"?>
2<manifest xmlns:android="http://schemas.android.com/apk/res/android"
3    package="com.customcamera.app" >
4
5    <uses-sdk
6        android:minSdkVersion="24"
6-->src/main/AndroidManifest.xml
7        android:targetSdkVersion="34" />
7-->src/main/AndroidManifest.xml
8
9    <uses-permission android:name="android.permission.CAMERA" />
9-->src/main/AndroidManifest.xml:5:5-65
9-->src/main/AndroidManifest.xml:5:22-62
10    <uses-permission android:name="android.permission.RECORD_AUDIO" />
10-->src/main/AndroidManifest.xml:6:5-71
10-->src/main/AndroidManifest.xml:6:22-68
11    <uses-permission android:name="android.permission.VIBRATE" />
11-->src/main/AndroidManifest.xml:7:5-66
11-->src/main/AndroidManifest.xml:7:22-63
12    <uses-permission android:name="android.permission.HIGH_SAMPLING_RATE_SENSORS" />
12-->src/main/AndroidManifest.xml:8:5-85
12-->src/main/AndroidManifest.xml:8:22-82
13
14    <uses-feature
14-->src/main/AndroidManifest.xml:10:5-12:35
15        android:name="android.hardware.camera"
15-->src/main/AndroidManifest.xml:11:9-47
16        android:required="true" />
16-->src/main/AndroidManifest.xml:12:9-32
17    <uses-feature
17-->src/main/AndroidManifest.xml:13:5-15:36
18        android:name="android.hardware.camera.autofocus"
18-->src/main/AndroidManifest.xml:14:9-57
19        android:required="false" />
19-->src/main/AndroidManifest.xml:15:9-33
20
21    <!-- For remote config -->
22    <uses-permission android:name="android.permission.ACCESS_NETWORK_STATE" />
22-->[com.google.mlkit:object-detection:17.0.1] AndroidManifest.xml:7:5-79
22-->[com.google.mlkit:object-detection:17.0.1] AndroidManifest.xml:7:22-76
23    <uses-permission android:name="android.permission.INTERNET" />
23-->[com.google.mlkit:object-detection:17.0.1] AndroidManifest.xml:8:5-67
23-->[com.google.mlkit:object-detection:17.0.1] AndroidManifest.xml:8:22-64
24
25    <permission
25-->[androidx.core:core:1.12.0] AndroidManifest.xml:22:5-24:47
26        android:name="com.customcamera.app.DYNAMIC_RECEIVER_NOT_EXPORTED_PERMISSION"
26-->[androidx.core:core:1.12.0] AndroidManifest.xml:23:9-81
27        android:protectionLevel="signature" />
27-->[androidx.core:core:1.12.0] AndroidManifest.xml:24:9-44
28
29    <uses-permission android:name="com.customcamera.app.DYNAMIC_RECEIVER_NOT_EXPORTED_PERMISSION" /> <!-- To store the heap dumps and leak analysis results. -->
29-->[androidx.core:core:1.12.0] AndroidManifest.xml:26:5-97
29-->[androidx.core:core:1.12.0] AndroidManifest.xml:26:22-94
30    <uses-permission android:name="android.permission.READ_EXTERNAL_STORAGE" />
30-->[com.squareup.leakcanary:leakcanary-android-core:2.12] AndroidManifest.xml:25:5-80
30-->[com.squareup.leakcanary:leakcanary-android-core:2.12] AndroidManifest.xml:25:22-77
31    <uses-permission android:name="android.permission.WRITE_EXTERNAL_STORAGE" /> <!-- To allow posting notifications on Android 13 -->
31-->[com.squareup.leakcanary:leakcanary-android-core:2.12] AndroidManifest.xml:26:5-81
31-->[com.squareup.leakcanary:leakcanary-android-core:2.12] AndroidManifest.xml:26:22-78
32    <uses-permission android:name="android.permission.POST_NOTIFICATIONS" />
32-->[com.squareup.leakcanary:leakcanary-android-core:2.12] AndroidManifest.xml:29:5-77
32-->[com.squareup.leakcanary:leakcanary-android-core:2.12] AndroidManifest.xml:29:22-74
33
34    <application
34-->src/main/AndroidManifest.xml:17:5-102:19
35        android:allowBackup="true"
35-->src/main/AndroidManifest.xml:18:9-35
36        android:appComponentFactory="androidx.core.app.CoreComponentFactory"
36-->[androidx.core:core:1.12.0] AndroidManifest.xml:28:18-86
37        android:dataExtractionRules="@xml/data_extraction_rules"
37-->src/main/AndroidManifest.xml:19:9-65
38        android:debuggable="true"
39        android:extractNativeLibs="false"
40        android:fullBackupContent="@xml/backup_rules"
40-->src/main/AndroidManifest.xml:20:9-54
41        android:icon="@mipmap/ic_launcher"
41-->src/main/AndroidManifest.xml:21:9-43
42        android:label="@string/app_name"
42-->src/main/AndroidManifest.xml:22:9-41
43        android:roundIcon="@mipmap/ic_launcher_round"
43-->src/main/AndroidManifest.xml:23:9-54
44        android:supportsRtl="true"
44-->src/main/AndroidManifest.xml:24:9-35
45        android:theme="@style/Theme.CustomCamera" >
45-->src/main/AndroidManifest.xml:25:9-50
46        <activity
46-->src/main/AndroidManifest.xml:28:9-36:20
47            android:name="com.customcamera.app.MainActivity"
47-->src/main/AndroidManifest.xml:29:13-41
48            android:exported="true"
48-->src/main/AndroidManifest.xml:30:13-36
49            android:screenOrientation="portrait" >
49-->src/main/AndroidManifest.xml:31:13-49
50            <intent-filter>
50-->src/main/AndroidManifest.xml:32:13-35:29
51                <action android:name="android.intent.action.MAIN" />
51-->src/main/AndroidManifest.xml:33:17-69
51-->src/main/AndroidManifest.xml:33:25-66
52
53                <category android:name="android.intent.category.LAUNCHER" />
53-->src/main/AndroidManifest.xml:34:17-77
53-->src/main/AndroidManifest.xml:34:27-74
54            </intent-filter>
55        </activity>
56        <activity
56-->src/main/AndroidManifest.xml:38:9-41:52
57            android:name="com.customcamera.app.CameraActivity"
57-->src/main/AndroidManifest.xml:39:13-43
58            android:exported="false"
58-->src/main/AndroidManifest.xml:40:13-37
59            android:screenOrientation="portrait" />
59-->src/main/AndroidManifest.xml:41:13-49
60        <activity
60-->src/main/AndroidManifest.xml:43:9-60:20
61            android:name="com.customcamera.app.CameraActivityEngine"
61-->src/main/AndroidManifest.xml:44:13-49
62            android:exported="true"
62-->src/main/AndroidManifest.xml:45:13-36
63            android:screenOrientation="portrait" >
63-->src/main/AndroidManifest.xml:46:13-49
64
65            <!-- ADB testing intent filters -->
66            <intent-filter>
66-->src/main/AndroidManifest.xml:48:13-51:29
67                <action android:name="com.customcamera.app.TEST_CAMERA" />
67-->src/main/AndroidManifest.xml:49:17-75
67-->src/main/AndroidManifest.xml:49:25-72
68
69                <category android:name="android.intent.category.DEFAULT" />
69-->src/main/AndroidManifest.xml:50:17-76
69-->src/main/AndroidManifest.xml:50:27-73
70            </intent-filter>
71            <intent-filter>
71-->src/main/AndroidManifest.xml:52:13-55:29
72                <action android:name="com.customcamera.app.TEST_PIP" />
72-->src/main/AndroidManifest.xml:53:17-72
72-->src/main/AndroidManifest.xml:53:25-69
73
74                <category android:name="android.intent.category.DEFAULT" />
74-->src/main/AndroidManifest.xml:50:17-76
74-->src/main/AndroidManifest.xml:50:27-73
75            </intent-filter>
76            <intent-filter>
76-->src/main/AndroidManifest.xml:56:13-59:29
77                <action android:name="com.customcamera.app.TEST_CAPTURE" />
77-->src/main/AndroidManifest.xml:57:17-76
77-->src/main/AndroidManifest.xml:57:25-73
78
79                <category android:name="android.intent.category.DEFAULT" />
79-->src/main/AndroidManifest.xml:50:17-76
79-->src/main/AndroidManifest.xml:50:27-73
80            </intent-filter>
81        </activity>
82        <activity
82-->src/main/AndroidManifest.xml:62:9-65:52
83            android:name="com.customcamera.app.CameraSelectionActivity"
83-->src/main/AndroidManifest.xml:63:13-52
84            android:exported="false"
84-->src/main/AndroidManifest.xml:64:13-37
85            android:screenOrientation="portrait" />
85-->src/main/AndroidManifest.xml:65:13-49
86        <activity
86-->src/main/AndroidManifest.xml:67:9-71:57
87            android:name="com.customcamera.app.SettingsActivity"
87-->src/main/AndroidManifest.xml:68:13-45
88            android:exported="false"
88-->src/main/AndroidManifest.xml:69:13-37
89            android:parentActivityName="com.customcamera.app.CameraActivityEngine"
89-->src/main/AndroidManifest.xml:70:13-63
90            android:theme="@style/Theme.CustomCamera" />
90-->src/main/AndroidManifest.xml:71:13-54
91        <activity
91-->src/main/AndroidManifest.xml:73:9-77:57
92            android:name="com.customcamera.app.SimpleSettingsActivity"
92-->src/main/AndroidManifest.xml:74:13-51
93            android:exported="false"
93-->src/main/AndroidManifest.xml:75:13-37
94            android:parentActivityName="com.customcamera.app.CameraActivityEngine"
94-->src/main/AndroidManifest.xml:76:13-63
95            android:theme="@style/Theme.CustomCamera" />
95-->src/main/AndroidManifest.xml:77:13-54
96        <activity
96-->src/main/AndroidManifest.xml:79:9-83:57
97            android:name="com.customcamera.app.GalleryActivity"
97-->src/main/AndroidManifest.xml:80:13-44
98            android:exported="false"
98-->src/main/AndroidManifest.xml:81:13-37
99            android:parentActivityName="com.customcamera.app.CameraActivityEngine"
99-->src/main/AndroidManifest.xml:82:13-63
100            android:theme="@style/Theme.CustomCamera" />
100-->src/main/AndroidManifest.xml:83:13-54
101        <activity
101-->src/main/AndroidManifest.xml:85:9-89:57
102            android:name="com.customcamera.app.DebugActivity"
102-->src/main/AndroidManifest.xml:86:13-42
103            android:exported="false"
103-->src/main/AndroidManifest.xml:87:13-37
104            android:parentActivityName="com.customcamera.app.SimpleSettingsActivity"
104-->src/main/AndroidManifest.xml:88:13-65
105            android:theme="@style/Theme.CustomCamera" />
105-->src/main/AndroidManifest.xml:89:13-54
106
107        <!-- FileProvider for sharing photos and videos -->
108        <provider
109            android:name="androidx.core.content.FileProvider"
109-->src/main/AndroidManifest.xml:93:13-62
110            android:authorities="com.customcamera.app.fileprovider"
110-->src/main/AndroidManifest.xml:94:13-64
111            android:exported="false"
111-->src/main/AndroidManifest.xml:95:13-37
112            android:grantUriPermissions="true" >
112-->src/main/AndroidManifest.xml:96:13-47
113            <meta-data
113-->src/main/AndroidManifest.xml:97:13-99:54
114                android:name="android.support.FILE_PROVIDER_PATHS"
114-->src/main/AndroidManifest.xml:98:17-67
115                android:resource="@xml/file_paths" />
115-->src/main/AndroidManifest.xml:99:17-51
116        </provider>
117
118        <service
118-->[androidx.camera:camera-camera2:1.3.1] AndroidManifest.xml:24:9-33:19
119            android:name="androidx.camera.core.impl.MetadataHolderService"
119-->[androidx.camera:camera-camera2:1.3.1] AndroidManifest.xml:25:13-75
120            android:enabled="false"
120-->[androidx.camera:camera-camera2:1.3.1] AndroidManifest.xml:26:13-36
121            android:exported="false" >
121-->[androidx.camera:camera-camera2:1.3.1] AndroidManifest.xml:27:13-37
122            <meta-data
122-->[androidx.camera:camera-camera2:1.3.1] AndroidManifest.xml:30:13-32:89
123                android:name="androidx.camera.core.impl.MetadataHolderService.DEFAULT_CONFIG_PROVIDER"
123-->[androidx.camera:camera-camera2:1.3.1] AndroidManifest.xml:31:17-103
124                android:value="androidx.camera.camera2.Camera2Config$DefaultProvider" />
124-->[androidx.camera:camera-camera2:1.3.1] AndroidManifest.xml:32:17-86
125        </service>
126        <service
126-->[com.google.mlkit:object-detection:17.0.1] AndroidManifest.xml:11:9-17:19
127            android:name="com.google.mlkit.common.internal.MlKitComponentDiscoveryService"
127-->[com.google.mlkit:object-detection:17.0.1] AndroidManifest.xml:12:13-91
128            android:directBootAware="true"
128-->[com.google.mlkit:common:18.10.0] AndroidManifest.xml:17:13-43
129            android:exported="false" >
129-->[com.google.mlkit:object-detection:17.0.1] AndroidManifest.xml:13:13-37
130            <meta-data
130-->[com.google.mlkit:object-detection:17.0.1] AndroidManifest.xml:14:13-16:85
131                android:name="com.google.firebase.components:com.google.mlkit.vision.objects.defaults.internal.DefaultObjectsRegistrar"
131-->[com.google.mlkit:object-detection:17.0.1] AndroidManifest.xml:15:17-136
132                android:value="com.google.firebase.components.ComponentRegistrar" />
132-->[com.google.mlkit:object-detection:17.0.1] AndroidManifest.xml:16:17-82
133            <meta-data
133-->[com.google.android.gms:play-services-mlkit-barcode-scanning:18.3.0] AndroidManifest.xml:12:13-14:85
134                android:name="com.google.firebase.components:com.google.mlkit.vision.barcode.internal.BarcodeRegistrar"
134-->[com.google.android.gms:play-services-mlkit-barcode-scanning:18.3.0] AndroidManifest.xml:13:17-120
135                android:value="com.google.firebase.components.ComponentRegistrar" />
135-->[com.google.android.gms:play-services-mlkit-barcode-scanning:18.3.0] AndroidManifest.xml:14:17-82
136            <meta-data
136-->[com.google.mlkit:vision-internal-vkp:18.2.2] AndroidManifest.xml:14:13-16:85
137                android:name="com.google.firebase.components:com.google.mlkit.vision.vkp.VkpRegistrar"
137-->[com.google.mlkit:vision-internal-vkp:18.2.2] AndroidManifest.xml:15:17-103
138                android:value="com.google.firebase.components.ComponentRegistrar" />
138-->[com.google.mlkit:vision-internal-vkp:18.2.2] AndroidManifest.xml:16:17-82
139            <meta-data
139-->[com.google.mlkit:vision-common:17.3.0] AndroidManifest.xml:12:13-14:85
140                android:name="com.google.firebase.components:com.google.mlkit.vision.common.internal.VisionCommonRegistrar"
140-->[com.google.mlkit:vision-common:17.3.0] AndroidManifest.xml:13:17-124
141                android:value="com.google.firebase.components.ComponentRegistrar" />
141-->[com.google.mlkit:vision-common:17.3.0] AndroidManifest.xml:14:17-82
142            <meta-data
142-->[com.google.mlkit:common:18.10.0] AndroidManifest.xml:20:13-22:85
143                android:name="com.google.firebase.components:com.google.mlkit.common.internal.CommonComponentRegistrar"
143-->[com.google.mlkit:common:18.10.0] AndroidManifest.xml:21:17-120
144                android:value="com.google.firebase.components.ComponentRegistrar" />
144-->[com.google.mlkit:common:18.10.0] AndroidManifest.xml:22:17-82
145        </service>
146
147        <provider
147-->[com.google.mlkit:common:18.10.0] AndroidManifest.xml:9:9-13:38
148            android:name="com.google.mlkit.common.internal.MlKitInitProvider"
148-->[com.google.mlkit:common:18.10.0] AndroidManifest.xml:10:13-78
149            android:authorities="com.customcamera.app.mlkitinitprovider"
149-->[com.google.mlkit:common:18.10.0] AndroidManifest.xml:11:13-69
150            android:exported="false"
150-->[com.google.mlkit:common:18.10.0] AndroidManifest.xml:12:13-37
151            android:initOrder="99" />
151-->[com.google.mlkit:common:18.10.0] AndroidManifest.xml:13:13-35
152
153        <activity
153-->[com.google.android.gms:play-services-base:18.1.0] AndroidManifest.xml:20:9-22:45
154            android:name="com.google.android.gms.common.api.GoogleApiActivity"
154-->[com.google.android.gms:play-services-base:18.1.0] AndroidManifest.xml:20:19-85
155            android:exported="false"
155-->[com.google.android.gms:play-services-base:18.1.0] AndroidManifest.xml:22:19-43
156            android:theme="@android:style/Theme.Translucent.NoTitleBar" />
156-->[com.google.android.gms:play-services-base:18.1.0] AndroidManifest.xml:21:19-78
157
158        <meta-data
158-->[com.google.android.gms:play-services-basement:18.1.0] AndroidManifest.xml:21:9-23:69
159            android:name="com.google.android.gms.version"
159-->[com.google.android.gms:play-services-basement:18.1.0] AndroidManifest.xml:22:13-58
160            android:value="@integer/google_play_services_version" />
160-->[com.google.android.gms:play-services-basement:18.1.0] AndroidManifest.xml:23:13-66
161
162        <provider
162-->[androidx.emoji2:emoji2:1.2.0] AndroidManifest.xml:24:9-32:20
163            android:name="androidx.startup.InitializationProvider"
163-->[androidx.emoji2:emoji2:1.2.0] AndroidManifest.xml:25:13-67
164            android:authorities="com.customcamera.app.androidx-startup"
164-->[androidx.emoji2:emoji2:1.2.0] AndroidManifest.xml:26:13-68
165            android:exported="false" >
165-->[androidx.emoji2:emoji2:1.2.0] AndroidManifest.xml:27:13-37
166            <meta-data
166-->[androidx.emoji2:emoji2:1.2.0] AndroidManifest.xml:29:13-31:52
167                android:name="androidx.emoji2.text.EmojiCompatInitializer"
167-->[androidx.emoji2:emoji2:1.2.0] AndroidManifest.xml:30:17-75
168                android:value="androidx.startup" />
168-->[androidx.emoji2:emoji2:1.2.0] AndroidManifest.xml:31:17-49
169            <meta-data
169-->[androidx.lifecycle:lifecycle-process:2.7.0] AndroidManifest.xml:29:13-31:52
170                android:name="androidx.lifecycle.ProcessLifecycleInitializer"
170-->[androidx.lifecycle:lifecycle-process:2.7.0] AndroidManifest.xml:30:17-78
171                android:value="androidx.startup" />
171-->[androidx.lifecycle:lifecycle-process:2.7.0] AndroidManifest.xml:31:17-49
172            <meta-data
172-->[androidx.profileinstaller:profileinstaller:1.3.0] AndroidManifest.xml:29:13-31:52
173                android:name="androidx.profileinstaller.ProfileInstallerInitializer"
173-->[androidx.profileinstaller:profileinstaller:1.3.0] AndroidManifest.xml:30:17-85
174                android:value="androidx.startup" />
174-->[androidx.profileinstaller:profileinstaller:1.3.0] AndroidManifest.xml:31:17-49
175        </provider>
176
177        <service
177-->[com.google.android.datatransport:transport-backend-cct:2.3.3] AndroidManifest.xml:29:9-35:19
178            android:name="com.google.android.datatransport.runtime.backends.TransportBackendDiscovery"
178-->[com.google.android.datatransport:transport-backend-cct:2.3.3] AndroidManifest.xml:30:13-103
179            android:exported="false" >
179-->[com.google.android.datatransport:transport-backend-cct:2.3.3] AndroidManifest.xml:31:13-37
180            <meta-data
180-->[com.google.android.datatransport:transport-backend-cct:2.3.3] AndroidManifest.xml:32:13-34:39
181                android:name="backend:com.google.android.datatransport.cct.CctBackendFactory"
181-->[com.google.android.datatransport:transport-backend-cct:2.3.3] AndroidManifest.xml:33:17-94
182                android:value="cct" />
182-->[com.google.android.datatransport:transport-backend-cct:2.3.3] AndroidManifest.xml:34:17-36
183        </service>
184        <service
184-->[com.google.android.datatransport:transport-runtime:2.2.6] AndroidManifest.xml:26:9-30:19
185            android:name="com.google.android.datatransport.runtime.scheduling.jobscheduling.JobInfoSchedulerService"
185-->[com.google.android.datatransport:transport-runtime:2.2.6] AndroidManifest.xml:27:13-117
186            android:exported="false"
186-->[com.google.android.datatransport:transport-runtime:2.2.6] AndroidManifest.xml:28:13-37
187            android:permission="android.permission.BIND_JOB_SERVICE" >
187-->[com.google.android.datatransport:transport-runtime:2.2.6] AndroidManifest.xml:29:13-69
188        </service>
189
190        <receiver
190-->[com.google.android.datatransport:transport-runtime:2.2.6] AndroidManifest.xml:32:9-34:40
191            android:name="com.google.android.datatransport.runtime.scheduling.jobscheduling.AlarmManagerSchedulerBroadcastReceiver"
191-->[com.google.android.datatransport:transport-runtime:2.2.6] AndroidManifest.xml:33:13-132
192            android:exported="false" />
192-->[com.google.android.datatransport:transport-runtime:2.2.6] AndroidManifest.xml:34:13-37
193        <receiver
193-->[androidx.profileinstaller:profileinstaller:1.3.0] AndroidManifest.xml:34:9-52:20
194            android:name="androidx.profileinstaller.ProfileInstallReceiver"
194-->[androidx.profileinstaller:profileinstaller:1.3.0] AndroidManifest.xml:35:13-76
195            android:directBootAware="false"
195-->[androidx.profileinstaller:profileinstaller:1.3.0] AndroidManifest.xml:36:13-44
196            android:enabled="true"
196-->[androidx.profileinstaller:profileinstaller:1.3.0] AndroidManifest.xml:37:13-35
197            android:exported="true"
197-->[androidx.profileinstaller:profileinstaller:1.3.0] AndroidManifest.xml:38:13-36
198            android:permission="android.permission.DUMP" >
198-->[androidx.profileinstaller:profileinstaller:1.3.0] AndroidManifest.xml:39:13-57
199            <intent-filter>
199-->[androidx.profileinstaller:profileinstaller:1.3.0] AndroidManifest.xml:40:13-42:29
200                <action android:name="androidx.profileinstaller.action.INSTALL_PROFILE" />
200-->[androidx.profileinstaller:profileinstaller:1.3.0] AndroidManifest.xml:41:17-91
200-->[androidx.profileinstaller:profileinstaller:1.3.0] AndroidManifest.xml:41:25-88
201            </intent-filter>
202            <intent-filter>
202-->[androidx.profileinstaller:profileinstaller:1.3.0] AndroidManifest.xml:43:13-45:29
203                <action android:name="androidx.profileinstaller.action.SKIP_FILE" />
203-->[androidx.profileinstaller:profileinstaller:1.3.0] AndroidManifest.xml:44:17-85
203-->[androidx.profileinstaller:profileinstaller:1.3.0] AndroidManifest.xml:44:25-82
204            </intent-filter>
205            <intent-filter>
205-->[androidx.profileinstaller:profileinstaller:1.3.0] AndroidManifest.xml:46:13-48:29
206                <action android:name="androidx.profileinstaller.action.SAVE_PROFILE" />
206-->[androidx.profileinstaller:profileinstaller:1.3.0] AndroidManifest.xml:47:17-88
206-->[androidx.profileinstaller:profileinstaller:1.3.0] AndroidManifest.xml:47:25-85
207            </intent-filter>
208            <intent-filter>
208-->[androidx.profileinstaller:profileinstaller:1.3.0] AndroidManifest.xml:49:13-51:29
209                <action android:name="androidx.profileinstaller.action.BENCHMARK_OPERATION" />
209-->[androidx.profileinstaller:profileinstaller:1.3.0] AndroidManifest.xml:50:17-95
209-->[androidx.profileinstaller:profileinstaller:1.3.0] AndroidManifest.xml:50:25-92
210            </intent-filter>
211        </receiver>
212
213        <provider
213-->[com.squareup.leakcanary:leakcanary-android-core:2.12] AndroidManifest.xml:32:9-40:20
214            android:name="leakcanary.internal.LeakCanaryFileProvider"
214-->[com.squareup.leakcanary:leakcanary-android-core:2.12] AndroidManifest.xml:33:13-70
215            android:authorities="com.squareup.leakcanary.fileprovider.com.customcamera.app"
215-->[com.squareup.leakcanary:leakcanary-android-core:2.12] AndroidManifest.xml:34:13-88
216            android:exported="false"
216-->[com.squareup.leakcanary:leakcanary-android-core:2.12] AndroidManifest.xml:35:13-37
217            android:grantUriPermissions="true" >
217-->[com.squareup.leakcanary:leakcanary-android-core:2.12] AndroidManifest.xml:36:13-47
218            <meta-data
218-->src/main/AndroidManifest.xml:97:13-99:54
219                android:name="android.support.FILE_PROVIDER_PATHS"
219-->src/main/AndroidManifest.xml:98:17-67
220                android:resource="@xml/leak_canary_file_paths" />
220-->src/main/AndroidManifest.xml:99:17-51
221        </provider>
222
223        <activity
223-->[com.squareup.leakcanary:leakcanary-android-core:2.12] AndroidManifest.xml:42:9-73:20
224            android:name="leakcanary.internal.activity.LeakActivity"
224-->[com.squareup.leakcanary:leakcanary-android-core:2.12] AndroidManifest.xml:43:13-69
225            android:exported="true"
225-->[com.squareup.leakcanary:leakcanary-android-core:2.12] AndroidManifest.xml:44:13-36
226            android:icon="@mipmap/leak_canary_icon"
226-->[com.squareup.leakcanary:leakcanary-android-core:2.12] AndroidManifest.xml:45:13-52
227            android:label="@string/leak_canary_display_activity_label"
227-->[com.squareup.leakcanary:leakcanary-android-core:2.12] AndroidManifest.xml:46:13-71
228            android:taskAffinity="com.squareup.leakcanary.com.customcamera.app"
228-->[com.squareup.leakcanary:leakcanary-android-core:2.12] AndroidManifest.xml:47:13-76
229            android:theme="@style/leak_canary_LeakCanary.Base" >
229-->[com.squareup.leakcanary:leakcanary-android-core:2.12] AndroidManifest.xml:48:13-63
230            <intent-filter android:label="@string/leak_canary_import_hprof_file" >
230-->[com.squareup.leakcanary:leakcanary-android-core:2.12] AndroidManifest.xml:49:13-72:29
230-->[com.squareup.leakcanary:leakcanary-android-core:2.12] AndroidManifest.xml:49:28-81
231                <action android:name="android.intent.action.VIEW" />
231-->[com.squareup.leakcanary:leakcanary-android-core:2.12] AndroidManifest.xml:50:17-69
231-->[com.squareup.leakcanary:leakcanary-android-core:2.12] AndroidManifest.xml:50:25-66
232
233                <category android:name="android.intent.category.DEFAULT" />
233-->src/main/AndroidManifest.xml:50:17-76
233-->src/main/AndroidManifest.xml:50:27-73
234                <category android:name="android.intent.category.BROWSABLE" />
234-->[com.squareup.leakcanary:leakcanary-android-core:2.12] AndroidManifest.xml:53:17-78
234-->[com.squareup.leakcanary:leakcanary-android-core:2.12] AndroidManifest.xml:53:27-75
235
236                <data android:scheme="file" />
236-->[com.squareup.leakcanary:leakcanary-android-core:2.12] AndroidManifest.xml:55:17-47
236-->[com.squareup.leakcanary:leakcanary-android-core:2.12] AndroidManifest.xml:55:23-44
237                <data android:scheme="content" />
237-->[com.squareup.leakcanary:leakcanary-android-core:2.12] AndroidManifest.xml:55:17-47
237-->[com.squareup.leakcanary:leakcanary-android-core:2.12] AndroidManifest.xml:55:23-44
238                <data android:mimeType="*/*" />
238-->[com.squareup.leakcanary:leakcanary-android-core:2.12] AndroidManifest.xml:55:17-47
239                <data android:host="*" />
239-->[com.squareup.leakcanary:leakcanary-android-core:2.12] AndroidManifest.xml:55:17-47
240                <data android:pathPattern=".*\\.hprof" />
240-->[com.squareup.leakcanary:leakcanary-android-core:2.12] AndroidManifest.xml:55:17-47
241                <data android:pathPattern=".*\\..*\\.hprof" />
241-->[com.squareup.leakcanary:leakcanary-android-core:2.12] AndroidManifest.xml:55:17-47
242                <data android:pathPattern=".*\\..*\\..*\\.hprof" />
242-->[com.squareup.leakcanary:leakcanary-android-core:2.12] AndroidManifest.xml:55:17-47
243                <data android:pathPattern=".*\\..*\\..*\\..*\\.hprof" />
243-->[com.squareup.leakcanary:leakcanary-android-core:2.12] AndroidManifest.xml:55:17-47
244                <data android:pathPattern=".*\\..*\\..*\\..*\\..*\\.hprof" />
244-->[com.squareup.leakcanary:leakcanary-android-core:2.12] AndroidManifest.xml:55:17-47
245                <data android:pathPattern=".*\\..*\\..*\\..*\\..*\\..*\\.hprof" />
245-->[com.squareup.leakcanary:leakcanary-android-core:2.12] AndroidManifest.xml:55:17-47
246                <data android:pathPattern=".*\\..*\\..*\\..*\\..*\\..*\\..*\\.hprof" />
246-->[com.squareup.leakcanary:leakcanary-android-core:2.12] AndroidManifest.xml:55:17-47
247                <!--
248            Since hprof isn't a standard MIME type, we have to declare such patterns.
249            Most file providers will generate URIs including their own package name,
250            which contains `.` characters that must be explicitly escaped in pathPattern.
251            @see https://stackoverflow.com/a/31028507/703646
252                -->
253            </intent-filter>
254        </activity>
255
256        <activity-alias
256-->[com.squareup.leakcanary:leakcanary-android-core:2.12] AndroidManifest.xml:75:9-92:26
257            android:name="leakcanary.internal.activity.LeakLauncherActivity"
257-->[com.squareup.leakcanary:leakcanary-android-core:2.12] AndroidManifest.xml:76:13-77
258            android:banner="@drawable/leak_canary_tv_icon"
258-->[com.squareup.leakcanary:leakcanary-android-core:2.12] AndroidManifest.xml:77:13-59
259            android:enabled="@bool/leak_canary_add_launcher_icon"
259-->[com.squareup.leakcanary:leakcanary-android-core:2.12] AndroidManifest.xml:78:13-66
260            android:exported="true"
260-->[com.squareup.leakcanary:leakcanary-android-core:2.12] AndroidManifest.xml:79:13-36
261            android:icon="@mipmap/leak_canary_icon"
261-->[com.squareup.leakcanary:leakcanary-android-core:2.12] AndroidManifest.xml:80:13-52
262            android:label="@string/leak_canary_display_activity_label"
262-->[com.squareup.leakcanary:leakcanary-android-core:2.12] AndroidManifest.xml:81:13-71
263            android:targetActivity="leakcanary.internal.activity.LeakActivity"
263-->[com.squareup.leakcanary:leakcanary-android-core:2.12] AndroidManifest.xml:82:13-79
264            android:taskAffinity="com.squareup.leakcanary.com.customcamera.app"
264-->[com.squareup.leakcanary:leakcanary-android-core:2.12] AndroidManifest.xml:83:13-76
265            android:theme="@style/leak_canary_LeakCanary.Base" >
265-->[com.squareup.leakcanary:leakcanary-android-core:2.12] AndroidManifest.xml:84:13-63
266            <intent-filter>
266-->[com.squareup.leakcanary:leakcanary-android-core:2.12] AndroidManifest.xml:85:13-91:29
267                <action android:name="android.intent.action.MAIN" />
267-->src/main/AndroidManifest.xml:33:17-69
267-->src/main/AndroidManifest.xml:33:25-66
268
269                <category android:name="android.intent.category.LAUNCHER" />
269-->src/main/AndroidManifest.xml:34:17-77
269-->src/main/AndroidManifest.xml:34:27-74
270                <!-- Android TV launcher intent -->
271                <category android:name="android.intent.category.LEANBACK_LAUNCHER" />
271-->[com.squareup.leakcanary:leakcanary-android-core:2.12] AndroidManifest.xml:90:17-86
271-->[com.squareup.leakcanary:leakcanary-android-core:2.12] AndroidManifest.xml:90:27-83
272            </intent-filter>